  test.c
D:\code_c\bit\23.12.18\test.c(119,8): error C2057: 应输入常量表达式
D:\code_c\bit\23.12.18\test.c(119,9): error C2466: 不能分配常量大小为 0 的数组
D:\code_c\bit\23.12.18\test.c(119,6): error C2133: “p”: 未知的大小
